[debug] [2022-05-15T14:42:32.556Z] ----------------------------------------------------------------------
[debug] [2022-05-15T14:42:32.559Z] Command:       C:\Program Files\nodejs\node.exe C:\Users\Rafael\AppData\Roaming\npm\node_modules\firebase-tools\lib\bin\firebase.js init
[debug] [2022-05-15T14:42:32.560Z] CLI Version:   10.8.0
[debug] [2022-05-15T14:42:32.560Z] Platform:      win32
[debug] [2022-05-15T14:42:32.560Z] Node Version:  v16.13.2
[debug] [2022-05-15T14:42:32.561Z] Time:          Sun May 15 2022 11:42:32 GMT-0300 (Horário Padrão de Brasília)
[debug] [2022-05-15T14:42:32.562Z] ----------------------------------------------------------------------
[debug] 
[debug] [2022-05-15T14:42:32.644Z] > command requires scopes: ["email","openid","https://www.googleapis.com/auth/cloudplatformprojects.readonly","https://www.googleapis.com/auth/firebase","https://www.googleapis.com/auth/cloud-platform"]
[debug] [2022-05-15T14:42:32.645Z] > authorizing via signed-in user (santosrafaell187@gmail.com)
[info] 
     ######## #### ########  ######## ########     ###     ######  ########
     ##        ##  ##     ## ##       ##     ##  ##   ##  ##       ##
     ######    ##  ########  ######   ########  #########  ######  ######
     ##        ##  ##    ##  ##       ##     ## ##     ##       ## ##
     ##       #### ##     ## ######## ########  ##     ##  ######  ########

You're about to initialize a Firebase project in this directory:

  D:\Projetos\ticTacToeInReact

Before we get started, keep in mind:

  * You are initializing within an existing Firebase project directory

[info] 
=== Project Setup
[info] 
[info] First, let's associate this project directory with a Firebase project.
[info] You can create multiple project aliases by running firebase use --add, 
[info] but for now we'll just set up a default project.
[info] 
[debug] [2022-05-15T14:42:38.346Z] Using project from CLI flag: tictactoe-25969
[debug] [2022-05-15T14:42:38.349Z] >>> [apiv2][query] GET https://firebase.googleapis.com/v1beta1/projects/tictactoe-25969 [none]
[debug] [2022-05-15T14:42:39.727Z] <<< [apiv2][status] GET https://firebase.googleapis.com/v1beta1/projects/tictactoe-25969 200
[debug] [2022-05-15T14:42:39.728Z] <<< [apiv2][body] GET https://firebase.googleapis.com/v1beta1/projects/tictactoe-25969 {"projectId":"tictactoe-25969","projectNumber":"952112845385","displayName":"ticTacToe","name":"projects/tictactoe-25969","resources":{"hostingSite":"tictactoe-25969","realtimeDatabaseInstance":"tictactoe-25969-default-rtdb"},"state":"ACTIVE"}
[info] i  Using project tictactoe-25969 (ticTacToe) 
[info] 
=== Database Setup
[info] i  database: ensuring required API firebasedatabase.googleapis.com is enabled... 
[debug] [2022-05-15T14:42:39.909Z] >>> [apiv2][query] GET https://serviceusage.googleapis.com/v1/projects/tictactoe-25969/services/firebasedatabase.googleapis.com [none]
[debug] [2022-05-15T14:42:41.187Z] <<< [apiv2][status] GET https://serviceusage.googleapis.com/v1/projects/tictactoe-25969/services/firebasedatabase.googleapis.com 200
[debug] [2022-05-15T14:42:41.187Z] <<< [apiv2][body] GET https://serviceusage.googleapis.com/v1/projects/tictactoe-25969/services/firebasedatabase.googleapis.com [omitted]
[info] +  database: required API firebasedatabase.googleapis.com is enabled 
[info] 
[debug] [2022-05-15T14:42:41.192Z] > refreshing access token with scopes: ["email","https://www.googleapis.com/auth/cloud-platform","https://www.googleapis.com/auth/cloudplatformprojects.readonly","https://www.googleapis.com/auth/firebase","openid"]
[debug] [2022-05-15T14:42:41.193Z] >>> HTTP REQUEST POST https://www.googleapis.com/oauth2/v3/token  
 <request body omitted>
[debug] [2022-05-15T14:42:41.548Z] <<< HTTP RESPONSE 200 {"pragma":"no-cache","expires":"Mon, 01 Jan 1990 00:00:00 GMT","date":"Sun, 15 May 2022 14:42:40 GMT","cache-control":"no-cache, no-store, max-age=0, must-revalidate","content-type":"application/json; charset=utf-8","vary":"X-Origin, Referer, Origin,Accept-Encoding","server":"scaffolding on HTTPServer2","x-xss-protection":"0","x-frame-options":"SAMEORIGIN","x-content-type-options":"nosniff","alt-svc":"h3=\":443\"; ma=2592000,h3-29=\":443\"; ma=2592000,h3-Q050=\":443\"; ma=2592000,h3-Q046=\":443\"; ma=2592000,h3-Q043=\":443\"; ma=2592000,quic=\":443\"; ma=2592000; v=\"46,43\"","accept-ranges":"none","transfer-encoding":"chunked"}
[debug] [2022-05-15T14:42:41.664Z] >>> HTTP REQUEST GET https://firebasedatabase.googleapis.com/v1beta/projects/tictactoe-25969/locations/-/instances/tictactoe-25969-default-rtdb  
 
[debug] [2022-05-15T14:42:43.007Z] <<< HTTP RESPONSE 200 {"content-type":"application/json; charset=UTF-8","vary":"X-Origin, Referer, Origin,Accept-Encoding","date":"Sun, 15 May 2022 14:42:42 GMT","server":"ESF","cache-control":"private","x-xss-protection":"0","x-frame-options":"SAMEORIGIN","x-content-type-options":"nosniff","alt-svc":"h3=\":443\"; ma=2592000,h3-29=\":443\"; ma=2592000,h3-Q050=\":443\"; ma=2592000,h3-Q046=\":443\"; ma=2592000,h3-Q043=\":443\"; ma=2592000,quic=\":443\"; ma=2592000; v=\"46,43\"","accept-ranges":"none","transfer-encoding":"chunked"}
[info] 
[info] Firebase Realtime Database Security Rules allow you to define how your data should be
[info] structured and when your data can be read from and written to.
[info] 
[debug] [2022-05-15T14:42:47.937Z] >>> HTTP REQUEST GET https://tictactoe-25969-default-rtdb.firebaseio.com/.settings/rules.json  
 
[debug] [2022-05-15T14:42:48.788Z] <<< HTTP RESPONSE 200 {"server":"nginx","date":"Sun, 15 May 2022 14:42:48 GMT","content-type":"application/json; charset=utf-8","content-length":"108","connection":"keep-alive","access-control-allow-origin":"*","cache-control":"no-cache","strict-transport-security":"max-age=31556926; includeSubDomains; preload"}
[info] +  Database Rules for tictactoe-25969-default-rtdb have been written to database.rules.json. 
[info] Future modifications to database.rules.json will update Realtime Database Security Rules when you run
[info] firebase deploy.
[info] 
=== Hosting Setup
[info] 
[info] Your public directory is the folder (relative to your project directory) that
[info] will contain Hosting assets to be uploaded with firebase deploy. If you
[info] have a build process for your assets, use your build's output directory.
[info] 
[debug] [2022-05-15T14:43:10.600Z] >>> [apiv2][query] GET https://www.gstatic.com/firebasejs/releases.json [none]
[debug] [2022-05-15T14:43:11.449Z] <<< [apiv2][status] GET https://www.gstatic.com/firebasejs/releases.json 200
[debug] [2022-05-15T14:43:11.449Z] <<< [apiv2][body] GET https://www.gstatic.com/firebasejs/releases.json {"current":{"version":"9.8.1","browserURL":"https://www.gstatic.com/firebasejs/9.8.1/firebase.js","packageURL":"https://www.gstatic.com/firebasejs/9.8.1/firebase.tgz"},"live":{"version":"9.8","browserURL":"https://www.gstatic.com/firebasejs/live/9.8/firebase.js","packageURL":"https://www.gstatic.com/firebasejs/live/9.8/firebase.tgz"},"components":{"analytics":"https://www.gstatic.com/firebasejs/9.8.1/firebase-analytics.js","app":"https://www.gstatic.com/firebasejs/9.8.1/firebase-app.js","app-check":"https://www.gstatic.com/firebasejs/9.8.1/firebase-app-check.js","auth":"https://www.gstatic.com/firebasejs/9.8.1/firebase-auth.js","auth/cordova":"https://www.gstatic.com/firebasejs/9.8.1/firebase-auth/cordova.js","auth/react-native":"https://www.gstatic.com/firebasejs/9.8.1/firebase-auth/react-native.js","functions":"https://www.gstatic.com/firebasejs/9.8.1/firebase-functions.js","firestore":"https://www.gstatic.com/firebasejs/9.8.1/firebase-firestore.js","firestore/lite":"https://www.gstatic.com/firebasejs/9.8.1/firebase-firestore/lite.js","storage":"https://www.gstatic.com/firebasejs/9.8.1/firebase-storage.js","performance":"https://www.gstatic.com/firebasejs/9.8.1/firebase-performance.js","remote-config":"https://www.gstatic.com/firebasejs/9.8.1/firebase-remote-config.js","messaging":"https://www.gstatic.com/firebasejs/9.8.1/firebase-messaging.js","messaging/sw":"https://www.gstatic.com/firebasejs/9.8.1/firebase-messaging/sw.js","database":"https://www.gstatic.com/firebasejs/9.8.1/firebase-database.js","firestore.memory":"https://www.gstatic.com/firebasejs/9.8.1/firebase-firestore.memory.js"}}
[info] +  Wrote build/index.html 
[info] 
[info] i  Detected a .git folder at D:\Projetos\ticTacToeInReact 
[info] i  Authorizing with GitHub to upload your service account to a GitHub repository's secrets store. 
[info] 
[info] Visit this URL on this device to log in:
[info] https://github.com/login/oauth/authorize?client_id=89cf50f02ac6aaed3484&state=1000235328&redirect_uri=http%3A%2F%2Flocalhost%3A9005&scope=read%3Auser%20repo%20public_repo
[info] 
[info] Waiting for authentication...
[debug] [2022-05-15T14:43:12.267Z] >>> HTTP REQUEST POST https://github.com/login/oauth/access_token  
 {"client_id":"89cf50f02ac6aaed3484","client_secret":"3330d14abc895d9a74d5f17cd7a00711fa2c5bf0","code":"29959abb2d3d712687f8","redirect_uri":"http://localhost:9005","state":"1000235328"}
[debug] [2022-05-15T14:43:12.802Z] <<< HTTP RESPONSE 200 {"server":"GitHub.com","date":"Sun, 15 May 2022 14:43:12 GMT","content-type":"application/json; charset=utf-8","transfer-encoding":"chunked","vary":"X-PJAX, X-PJAX-Container, Accept-Encoding, Accept, X-Requested-With","permissions-policy":"interest-cohort=()","etag":"W/\"39aee6670fa8287e6f273c058fedc4bc\"","cache-control":"max-age=0, private, must-revalidate","strict-transport-security":"max-age=31536000; includeSubdomains; preload","x-frame-options":"deny","x-content-type-options":"nosniff","x-xss-protection":"0","referrer-policy":"origin-when-cross-origin, strict-origin-when-cross-origin","expect-ct":"max-age=2592000, report-uri=\"https://api.github.com/_private/browser/errors\"","content-security-policy":"default-src 'none'; base-uri 'self'; block-all-mixed-content; child-src github.com/assets-cdn/worker/ gist.github.com/assets-cdn/worker/; connect-src 'self' uploads.github.com objects-origin.githubusercontent.com www.githubstatus.com collector.github.com raw.githubusercontent.com api.github.com github-cloud.s3.amazonaws.com github-production-repository-file-5c1aeb.s3.amazonaws.com github-production-upload-manifest-file-7fdce7.s3.amazonaws.com github-production-user-asset-6210df.s3.amazonaws.com cdn.optimizely.com logx.optimizely.com/v1/events translator.github.com *.actions.githubusercontent.com wss://*.actions.githubusercontent.com online.visualstudio.com/api/v1/locations github-production-repository-image-32fea6.s3.amazonaws.com github-production-release-asset-2e65be.s3.amazonaws.com insights.github.com wss://alive.github.com; font-src github.githubassets.com; form-action 'self' github.com gist.github.com objects-origin.githubusercontent.com; frame-ancestors 'none'; frame-src render.githubusercontent.com viewscreen.githubusercontent.com notebooks.githubusercontent.com; img-src 'self' data: github.githubassets.com identicons.github.com github-cloud.s3.amazonaws.com secured-user-images.githubusercontent.com/ *.githubusercontent.com; manifest-src 'self'; media-src github.com user-images.githubusercontent.com/; script-src github.githubassets.com; style-src 'unsafe-inline' github.githubassets.com; worker-src github.com/assets-cdn/worker/ gist.github.com/assets-cdn/worker/","x-github-request-id":"28A8:451A:9F6D0F:C49E4B:6281117F"}
[debug] [2022-05-15T14:43:12.817Z] >>> [apiv2][query] GET https://api.github.com/user [none]
[debug] [2022-05-15T14:43:13.352Z] <<< [apiv2][status] GET https://api.github.com/user 200
[debug] [2022-05-15T14:43:13.352Z] <<< [apiv2][body] GET https://api.github.com/user {"login":"Rafael-Santos-DV","id":90205772,"node_id":"MDQ6VXNlcjkwMjA1Nzcy","avatar_url":"https://avatars.githubusercontent.com/u/90205772?v=4","gravatar_id":"","url":"https://api.github.com/users/Rafael-Santos-DV","html_url":"https://github.com/Rafael-Santos-DV","followers_url":"https://api.github.com/users/Rafael-Santos-DV/followers","following_url":"https://api.github.com/users/Rafael-Santos-DV/following{/other_user}","gists_url":"https://api.github.com/users/Rafael-Santos-DV/gists{/gist_id}","starred_url":"https://api.github.com/users/Rafael-Santos-DV/starred{/owner}{/repo}","subscriptions_url":"https://api.github.com/users/Rafael-Santos-DV/subscriptions","organizations_url":"https://api.github.com/users/Rafael-Santos-DV/orgs","repos_url":"https://api.github.com/users/Rafael-Santos-DV/repos","events_url":"https://api.github.com/users/Rafael-Santos-DV/events{/privacy}","received_events_url":"https://api.github.com/users/Rafael-Santos-DV/received_events","type":"User","site_admin":false,"name":"Rafael Santos","company":null,"blog":"rafaelsantos-dev.netlify.app","location":"Oriximina-Pará","email":null,"hireable":null,"bio":"Desenvolvedor Full-Stack","twitter_username":null,"public_repos":21,"public_gists":0,"followers":0,"following":0,"created_at":"2021-09-06T15:17:36Z","updated_at":"2022-05-11T13:50:40Z","private_gists":0,"total_private_repos":1,"owned_private_repos":1,"disk_usage":57923,"collaborators":0,"two_factor_authentication":false,"plan":{"name":"free","space":976562499,"collaborators":0,"private_repos":10000}}
[info] 
[info] +  Success! Logged into GitHub as Rafael-Santos-DV 
[info] 
